[2026-01-05T10:28:48.957281] [INFO] SetupManager initialized.
[2026-01-05T10:28:49.265878] [INFO]  --- INSTRUMENT: NIDAQ --- 
[2026-01-05T10:28:49.266876] [INFO] Following voltages will be applied: -0.25 on channels 3 respectively
[2026-01-05T10:28:52.145548] [INFO]  --- INSTRUMENT: SMU --- 
[2026-01-05T10:28:52.170614] [INFO] KEITHLEY INSTRUMENTS INC.,MODEL 2401,4121886,A01 Aug 25 2011 12:57:43/A02  /V/M
[2026-01-05T10:28:52.176044] [INFO] Compliance voltage: 2.0
[2026-01-05T10:28:52.176044] [INFO] Compliance current: 5e-07
[2026-01-05T10:28:52.191997] [INFO] (NIDAQ Channel 3) Voltage -0.25V applied.
[2026-01-05T10:28:55.080715] [INFO] Voltage @ 0V & 3.306278e-08A |	1/360
[2026-01-05T10:28:55.296722] [INFO] Voltage @ -0.079V & 1.828154e-08A |	2/360
[2026-01-05T10:28:55.515558] [INFO] Voltage @ -0.16V & 2.675311e-09A |	3/360
[2026-01-05T10:28:55.730879] [INFO] Voltage @ -0.24V & -1.204785e-08A |	4/360
[2026-01-05T10:28:55.949942] [INFO] Voltage @ -0.32V & -2.51256e-08A |	5/360
[2026-01-05T10:28:56.165572] [INFO] Voltage @ -0.39V & -3.656931e-08A |	6/360
[2026-01-05T10:28:56.381217] [INFO] Voltage @ -0.47V & -4.654083e-08A |	7/360
[2026-01-05T10:28:56.597992] [INFO] Voltage @ -0.55V & -5.531366e-08A |	8/360
[2026-01-05T10:28:56.810783] [INFO] Voltage @ -0.63V & -6.336555e-08A |	9/360
[2026-01-05T10:28:57.028488] [INFO] Voltage @ -0.71V & -7.094602e-08A |	10/360
[2026-01-05T10:28:57.246726] [INFO] Voltage @ -0.79V & -7.852044e-08A |	11/360
[2026-01-05T10:28:57.465110] [INFO] Voltage @ -0.87V & -8.613661e-08A |	12/360
[2026-01-05T10:28:57.684136] [INFO] Voltage @ -0.95V & -9.395281e-08A |	13/360
[2026-01-05T10:28:57.900334] [INFO] Voltage @ -1V & -1.024004e-07A |	14/360
[2026-01-05T10:28:58.115808] [INFO] Voltage @ -1.1V & -1.124085e-07A |	15/360
[2026-01-05T10:28:58.331501] [INFO] Voltage @ -1.2V & -1.234211e-07A |	16/360
[2026-01-05T10:28:58.547914] [INFO] Voltage @ -1.3V & -1.35981e-07A |	17/360
[2026-01-05T10:28:58.762105] [INFO] Voltage @ -1.3V & -1.516906e-07A |	18/360
[2026-01-05T10:28:58.980728] [INFO] Voltage @ -1.4V & -1.670334e-07A |	19/360
[2026-01-05T10:28:59.196384] [INFO] Voltage @ -1.5V & -1.854462e-07A |	20/360
[2026-01-05T10:28:59.412316] [INFO] Voltage @ -1.5V & -1.866845e-07A |	21/360
[2026-01-05T10:28:59.624147] [INFO] Voltage @ -1.5V & -1.874992e-07A |	22/360
[2026-01-05T10:28:59.841815] [INFO] Voltage @ -1.5V & -1.870944e-07A |	23/360
[2026-01-05T10:29:00.057085] [INFO] Voltage @ -1.5V & -1.86919e-07A |	24/360
[2026-01-05T10:29:00.272744] [INFO] Voltage @ -1.5V & -1.858562e-07A |	25/360
[2026-01-05T10:29:00.486947] [INFO] Voltage @ -1.5V & -1.86232e-07A |	26/360
[2026-01-05T10:29:00.703600] [INFO] Voltage @ -1.5V & -1.879282e-07A |	27/360
[2026-01-05T10:29:00.917729] [INFO] Voltage @ -1.5V & -1.896856e-07A |	28/360
[2026-01-05T10:29:01.136422] [INFO] Voltage @ -1.5V & -1.881405e-07A |	29/360
[2026-01-05T10:29:01.351985] [INFO] Voltage @ -1.5V & -1.876749e-07A |	30/360
[2026-01-05T10:29:01.566485] [INFO] Voltage @ -1.5V & -1.879651e-07A |	31/360
[2026-01-05T10:29:01.779929] [INFO] Voltage @ -1.5V & -1.860512e-07A |	32/360
[2026-01-05T10:29:01.995637] [INFO] Voltage @ -1.5V & -1.85354e-07A |	33/360
[2026-01-05T10:29:02.209523] [INFO] Voltage @ -1.5V & -1.876486e-07A |	34/360
[2026-01-05T10:29:02.428526] [INFO] Voltage @ -1.5V & -1.886945e-07A |	35/360
[2026-01-05T10:29:02.638536] [INFO] Voltage @ -1.5V & -1.853148e-07A |	36/360
[2026-01-05T10:29:02.859848] [INFO] Voltage @ -1.5V & -1.876957e-07A |	37/360
[2026-01-05T10:29:03.075382] [INFO] Voltage @ -1.5V & -1.905133e-07A |	38/360
[2026-01-05T10:29:03.290680] [INFO] Voltage @ -1.5V & -1.894097e-07A |	39/360
[2026-01-05T10:29:03.502120] [INFO] Voltage @ -1.5V & -1.891905e-07A |	40/360
[2026-01-05T10:29:03.717032] [INFO] Voltage @ -1.5V & -1.891105e-07A |	41/360
[2026-01-05T10:29:03.935278] [INFO] Voltage @ -1.5V & -1.893728e-07A |	42/360
[2026-01-05T10:29:04.154422] [INFO] Voltage @ -1.5V & -1.885461e-07A |	43/360
[2026-01-05T10:29:04.370594] [INFO] Voltage @ -1.5V & -1.884609e-07A |	44/360
[2026-01-05T10:29:04.584453] [INFO] Voltage @ -1.5V & -1.870856e-07A |	45/360
[2026-01-05T10:29:04.800722] [INFO] Voltage @ -1.5V & -1.900384e-07A |	46/360
[2026-01-05T10:29:05.016795] [INFO] Voltage @ -1.5V & -1.880951e-07A |	47/360
[2026-01-05T10:29:05.231563] [INFO] Voltage @ -1.5V & -1.864945e-07A |	48/360
[2026-01-05T10:29:05.447209] [INFO] Voltage @ -1.5V & -1.898058e-07A |	49/360
[2026-01-05T10:29:05.660060] [INFO] Voltage @ -1.5V & -1.858752e-07A |	50/360
[2026-01-05T10:29:05.877349] [INFO] Voltage @ -1.5V & -1.873303e-07A |	51/360
[2026-01-05T10:29:06.091214] [INFO] Voltage @ -1.5V & -1.860852e-07A |	52/360
[2026-01-05T10:29:06.310362] [INFO] Voltage @ -1.5V & -1.863674e-07A |	53/360
[2026-01-05T10:29:06.524993] [INFO] Voltage @ -1.5V & -1.866808e-07A |	54/360
[2026-01-05T10:29:06.739643] [INFO] Voltage @ -1.5V & -1.854549e-07A |	55/360
[2026-01-05T10:29:06.948014] [INFO] Voltage @ -1.5V & -1.827014e-07A |	56/360
[2026-01-05T10:29:07.171843] [INFO] Voltage @ -1.5V & -1.858158e-07A |	57/360
[2026-01-05T10:29:07.388180] [INFO] Voltage @ -1.5V & -1.811575e-07A |	58/360
[2026-01-05T10:29:07.601157] [INFO] Voltage @ -1.5V & -1.838346e-07A |	59/360
[2026-01-05T10:29:07.812580] [INFO] Voltage @ -1.5V & -1.849988e-07A |	60/360
[2026-01-05T10:29:08.032573] [INFO] Voltage @ -1.5V & -1.878637e-07A |	61/360
[2026-01-05T10:29:08.826125] [INFO] Voltage @ -1.4V & -1.73756e-07A |	62/360
[2026-01-05T10:29:09.641743] [INFO] Voltage @ -1.4V & -1.62384e-07A |	63/360
[2026-01-05T10:29:10.460377] [INFO] Voltage @ -1.3V & -1.508921e-07A |	64/360
[2026-01-05T10:29:11.266657] [INFO] Voltage @ -1.3V & -1.423651e-07A |	65/360
[2026-01-05T10:29:12.079163] [INFO] Voltage @ -1.2V & -1.329659e-07A |	66/360
[2026-01-05T10:29:12.880270] [INFO] Voltage @ -1.2V & -1.250625e-07A |	67/360
[2026-01-05T10:29:13.716580] [INFO] Voltage @ -1.1V & -1.182726e-07A |	68/360
[2026-01-05T10:29:14.555237] [INFO] Voltage @ -1.1V & -1.112664e-07A |	69/360
[2026-01-05T10:29:15.364455] [INFO] Voltage @ -1V & -1.04909e-07A |	70/360
[2026-01-05T10:29:16.174361] [INFO] Voltage @ -0.99V & -9.929092e-08A |	71/360
[2026-01-05T10:29:16.980385] [INFO] Voltage @ -0.94V & -9.408267e-08A |	72/360
[2026-01-05T10:29:17.800302] [INFO] Voltage @ -0.89V & -8.902501e-08A |	73/360
[2026-01-05T10:29:18.606845] [INFO] Voltage @ -0.84V & -8.393776e-08A |	74/360
[2026-01-05T10:29:19.424614] [INFO] Voltage @ -0.79V & -7.9048e-08A |	75/360
[2026-01-05T10:29:20.226644] [INFO] Voltage @ -0.74V & -7.4401e-08A |	76/360
[2026-01-05T10:29:21.032113] [INFO] Voltage @ -0.69V & -6.951351e-08A |	77/360
[2026-01-05T10:29:21.837215] [INFO] Voltage @ -0.64V & -6.454957e-08A |	78/360
[2026-01-05T10:29:22.654791] [INFO] Voltage @ -0.58V & -5.937969e-08A |	79/360
[2026-01-05T10:29:23.459145] [INFO] Voltage @ -0.53V & -5.386153e-08A |	80/360
[2026-01-05T10:29:24.275238] [INFO] Voltage @ -0.48V & -4.803939e-08A |	81/360
[2026-01-05T10:29:25.087582] [INFO] Voltage @ -0.43V & -4.178063e-08A |	82/360
[2026-01-05T10:29:25.893128] [INFO] Voltage @ -0.38V & -3.502673e-08A |	83/360
[2026-01-05T10:29:26.705934] [INFO] Voltage @ -0.33V & -2.768624e-08A |	84/360
[2026-01-05T10:29:27.521954] [INFO] Voltage @ -0.28V & -1.966299e-08A |	85/360
[2026-01-05T10:29:28.345758] [INFO] Voltage @ -0.23V & -1.096885e-08A |	86/360
[2026-01-05T10:29:29.161766] [INFO] Voltage @ -0.18V & -1.517847e-09A |	87/360
[2026-01-05T10:29:29.979093] [INFO] Voltage @ -0.13V & 8.610765e-09A |	88/360
[2026-01-05T10:29:30.780843] [INFO] Voltage @ -0.076V & 1.904394e-08A |	89/360
[2026-01-05T10:29:31.590124] [INFO] Voltage @ -0.025V & 2.933087e-08A |	90/360
[2026-01-05T10:29:32.425162] [INFO] Voltage @ 0.025V & 3.917195e-08A |	91/360
[2026-01-05T10:29:33.237434] [INFO] Voltage @ 0.076V & 4.815953e-08A |	92/360
[2026-01-05T10:29:34.049599] [INFO] Voltage @ 0.13V & 5.644238e-08A |	93/360
[2026-01-05T10:29:34.836688] [INFO] Voltage @ 0.18V & 6.361798e-08A |	94/360
[2026-01-05T10:29:35.650416] [INFO] Voltage @ 0.23V & 7.025583e-08A |	95/360
[2026-01-05T10:29:36.462323] [INFO] Voltage @ 0.28V & 7.652177e-08A |	96/360
[2026-01-05T10:29:37.265984] [INFO] Voltage @ 0.33V & 8.21694e-08A |	97/360
[2026-01-05T10:29:38.102987] [INFO] Voltage @ 0.38V & 8.780795e-08A |	98/360
[2026-01-05T10:29:38.895704] [INFO] Voltage @ 0.43V & 9.274142e-08A |	99/360
[2026-01-05T10:29:39.708757] [INFO] Voltage @ 0.48V & 9.730091e-08A |	100/360
[2026-01-05T10:29:40.509419] [INFO] Voltage @ 0.53V & 1.016817e-07A |	101/360
[2026-01-05T10:29:41.314856] [INFO] Voltage @ 0.58V & 1.062166e-07A |	102/360
[2026-01-05T10:29:42.116691] [INFO] Voltage @ 0.64V & 1.104786e-07A |	103/360
[2026-01-05T10:29:42.930636] [INFO] Voltage @ 0.69V & 1.146853e-07A |	104/360
[2026-01-05T10:29:43.741493] [INFO] Voltage @ 0.74V & 1.183927e-07A |	105/360
[2026-01-05T10:29:44.561502] [INFO] Voltage @ 0.79V & 1.218033e-07A |	106/360
[2026-01-05T10:29:45.395790] [INFO] Voltage @ 0.84V & 1.257606e-07A |	107/360
[2026-01-05T10:29:46.192894] [INFO] Voltage @ 0.89V & 1.296795e-07A |	108/360
[2026-01-05T10:29:46.968660] [INFO] Voltage @ 0.94V & 1.338603e-07A |	109/360
[2026-01-05T10:29:47.757890] [INFO] Voltage @ 0.99V & 1.375067e-07A |	110/360
[2026-01-05T10:29:48.565391] [INFO] Voltage @ 1V & 1.406201e-07A |	111/360
[2026-01-05T10:29:49.381280] [INFO] Voltage @ 1.1V & 1.442464e-07A |	112/360
[2026-01-05T10:29:50.200200] [INFO] Voltage @ 1.1V & 1.479323e-07A |	113/360
[2026-01-05T10:29:51.005934] [INFO] Voltage @ 1.2V & 1.509846e-07A |	114/360
[2026-01-05T10:29:51.799565] [INFO] Voltage @ 1.2V & 1.548233e-07A |	115/360
[2026-01-05T10:29:52.600621] [INFO] Voltage @ 1.3V & 1.587222e-07A |	116/360
[2026-01-05T10:29:53.422973] [INFO] Voltage @ 1.3V & 1.626824e-07A |	117/360
[2026-01-05T10:29:54.242643] [INFO] Voltage @ 1.4V & 1.670508e-07A |	118/360
[2026-01-05T10:29:55.045474] [INFO] Voltage @ 1.4V & 1.705697e-07A |	119/360
[2026-01-05T10:29:55.847732] [INFO] Voltage @ 1.5V & 1.736938e-07A |	120/360
[2026-01-05T10:29:56.643523] [INFO] Voltage @ 1.5V & 1.751181e-07A |	121/360
[2026-01-05T10:29:57.424591] [INFO] Voltage @ 1.4V & 1.716942e-07A |	122/360
[2026-01-05T10:29:58.209416] [INFO] Voltage @ 1.4V & 1.670243e-07A |	123/360
[2026-01-05T10:29:58.989323] [INFO] Voltage @ 1.3V & 1.625364e-07A |	124/360
[2026-01-05T10:29:59.777941] [INFO] Voltage @ 1.3V & 1.591806e-07A |	125/360
[2026-01-05T10:30:00.601394] [INFO] Voltage @ 1.2V & 1.553132e-07A |	126/360
[2026-01-05T10:30:01.406825] [INFO] Voltage @ 1.2V & 1.520631e-07A |	127/360
[2026-01-05T10:30:02.213117] [INFO] Voltage @ 1.1V & 1.475482e-07A |	128/360
[2026-01-05T10:30:03.022185] [INFO] Voltage @ 1.1V & 1.440824e-07A |	129/360
[2026-01-05T10:30:03.808874] [INFO] Voltage @ 1V & 1.405627e-07A |	130/360
[2026-01-05T10:30:04.612272] [INFO] Voltage @ 0.99V & 1.360722e-07A |	131/360
[2026-01-05T10:30:05.407039] [INFO] Voltage @ 0.94V & 1.326094e-07A |	132/360
[2026-01-05T10:30:06.201593] [INFO] Voltage @ 0.89V & 1.291118e-07A |	133/360
[2026-01-05T10:30:07.007411] [INFO] Voltage @ 0.84V & 1.251904e-07A |	134/360
[2026-01-05T10:30:07.807316] [INFO] Voltage @ 0.79V & 1.216177e-07A |	135/360
[2026-01-05T10:30:08.622468] [INFO] Voltage @ 0.74V & 1.177569e-07A |	136/360
[2026-01-05T10:30:09.438171] [INFO] Voltage @ 0.69V & 1.136992e-07A |	137/360
[2026-01-05T10:30:10.230217] [INFO] Voltage @ 0.64V & 1.097007e-07A |	138/360
[2026-01-05T10:30:11.047014] [INFO] Voltage @ 0.58V & 1.049957e-07A |	139/360
[2026-01-05T10:30:11.898642] [INFO] Voltage @ 0.53V & 1.003891e-07A |	140/360
[2026-01-05T10:30:12.703909] [INFO] Voltage @ 0.48V & 9.580921e-08A |	141/360
[2026-01-05T10:30:13.600271] [INFO] Voltage @ 0.43V & 9.080021e-08A |	142/360
[2026-01-05T10:30:14.409847] [INFO] Voltage @ 0.38V & 8.588237e-08A |	143/360
[2026-01-05T10:30:15.228415] [INFO] Voltage @ 0.33V & 8.075317e-08A |	144/360
[2026-01-05T10:30:16.043913] [INFO] Voltage @ 0.28V & 7.509275e-08A |	145/360
[2026-01-05T10:30:16.844739] [INFO] Voltage @ 0.23V & 6.890412e-08A |	146/360
[2026-01-05T10:30:17.656537] [INFO] Voltage @ 0.18V & 6.247074e-08A |	147/360
[2026-01-05T10:30:18.441650] [INFO] Voltage @ 0.13V & 5.554972e-08A |	148/360
[2026-01-05T10:30:19.263329] [INFO] Voltage @ 0.076V & 4.772161e-08A |	149/360
[2026-01-05T10:30:20.077169] [INFO] Voltage @ 0.025V & 3.90369e-08A |	150/360
[2026-01-05T10:30:20.855619] [INFO] Voltage @ -0.025V & 2.974537e-08A |	151/360
[2026-01-05T10:30:21.666608] [INFO] Voltage @ -0.076V & 1.980363e-08A |	152/360
[2026-01-05T10:30:22.462383] [INFO] Voltage @ -0.13V & 9.39407e-09A |	153/360
[2026-01-05T10:30:23.256019] [INFO] Voltage @ -0.18V & -8.178577e-10A |	154/360
[2026-01-05T10:30:24.090345] [INFO] Voltage @ -0.23V & -1.049356e-08A |	155/360
[2026-01-05T10:30:24.920701] [INFO] Voltage @ -0.28V & -1.946676e-08A |	156/360
[2026-01-05T10:30:25.730214] [INFO] Voltage @ -0.33V & -2.766766e-08A |	157/360
[2026-01-05T10:30:26.537154] [INFO] Voltage @ -0.38V & -3.513839e-08A |	158/360
[2026-01-05T10:30:27.336970] [INFO] Voltage @ -0.43V & -4.187891e-08A |	159/360
[2026-01-05T10:30:28.142285] [INFO] Voltage @ -0.48V & -4.814244e-08A |	160/360
[2026-01-05T10:30:28.961538] [INFO] Voltage @ -0.53V & -5.382588e-08A |	161/360
[2026-01-05T10:30:29.772161] [INFO] Voltage @ -0.58V & -5.928457e-08A |	162/360
[2026-01-05T10:30:30.610713] [INFO] Voltage @ -0.64V & -6.428363e-08A |	163/360
[2026-01-05T10:30:31.423875] [INFO] Voltage @ -0.69V & -6.921096e-08A |	164/360
[2026-01-05T10:30:32.237876] [INFO] Voltage @ -0.74V & -7.399679e-08A |	165/360
[2026-01-05T10:30:33.059333] [INFO] Voltage @ -0.79V & -7.873231e-08A |	166/360
[2026-01-05T10:30:33.874569] [INFO] Voltage @ -0.84V & -8.377115e-08A |	167/360
[2026-01-05T10:30:34.691585] [INFO] Voltage @ -0.89V & -8.880922e-08A |	168/360
[2026-01-05T10:30:35.522719] [INFO] Voltage @ -0.94V & -9.384036e-08A |	169/360
[2026-01-05T10:30:36.338528] [INFO] Voltage @ -0.99V & -9.951684e-08A |	170/360
[2026-01-05T10:30:37.148414] [INFO] Voltage @ -1V & -1.057139e-07A |	171/360
[2026-01-05T10:30:37.955254] [INFO] Voltage @ -1.1V & -1.122583e-07A |	172/360
[2026-01-05T10:30:38.766649] [INFO] Voltage @ -1.1V & -1.194556e-07A |	173/360
[2026-01-05T10:30:39.554147] [INFO] Voltage @ -1.2V & -1.274081e-07A |	174/360
[2026-01-05T10:30:40.360745] [INFO] Voltage @ -1.2V & -1.360044e-07A |	175/360
[2026-01-05T10:30:41.169830] [INFO] Voltage @ -1.3V & -1.443642e-07A |	176/360
[2026-01-05T10:30:41.973380] [INFO] Voltage @ -1.3V & -1.559372e-07A |	177/360
[2026-01-05T10:30:42.775173] [INFO] Voltage @ -1.4V & -1.696784e-07A |	178/360
[2026-01-05T10:30:43.586880] [INFO] Voltage @ -1.4V & -1.804985e-07A |	179/360
[2026-01-05T10:30:44.392050] [INFO] Voltage @ -1.5V & -1.928709e-07A |	180/360
[2026-01-05T10:30:45.210779] [INFO] Voltage @ -1.5V & -1.941943e-07A |	181/360
[2026-01-05T10:30:46.022199] [INFO] Voltage @ -1.4V & -1.803176e-07A |	182/360
[2026-01-05T10:30:46.828254] [INFO] Voltage @ -1.4V & -1.677621e-07A |	183/360
[2026-01-05T10:30:47.631034] [INFO] Voltage @ -1.3V & -1.557266e-07A |	184/360
[2026-01-05T10:30:48.440785] [INFO] Voltage @ -1.3V & -1.471604e-07A |	185/360
[2026-01-05T10:30:49.252770] [INFO] Voltage @ -1.2V & -1.367847e-07A |	186/360
[2026-01-05T10:30:50.040602] [INFO] Voltage @ -1.2V & -1.280441e-07A |	187/360
[2026-01-05T10:30:50.835952] [INFO] Voltage @ -1.1V & -1.200549e-07A |	188/360
[2026-01-05T10:30:51.637850] [INFO] Voltage @ -1.1V & -1.123936e-07A |	189/360
[2026-01-05T10:30:52.443866] [INFO] Voltage @ -1V & -1.058428e-07A |	190/360
[2026-01-05T10:30:53.233993] [INFO] Voltage @ -0.99V & -9.996602e-08A |	191/360
[2026-01-05T10:30:54.049512] [INFO] Voltage @ -0.94V & -9.432132e-08A |	192/360
[2026-01-05T10:30:54.871527] [INFO] Voltage @ -0.89V & -8.898225e-08A |	193/360
[2026-01-05T10:30:55.692161] [INFO] Voltage @ -0.84V & -8.399518e-08A |	194/360
[2026-01-05T10:30:56.507800] [INFO] Voltage @ -0.79V & -7.911767e-08A |	195/360
[2026-01-05T10:30:57.322366] [INFO] Voltage @ -0.74V & -7.430685e-08A |	196/360
[2026-01-05T10:30:58.114442] [INFO] Voltage @ -0.69V & -6.937136e-08A |	197/360
[2026-01-05T10:30:58.903627] [INFO] Voltage @ -0.64V & -6.429939e-08A |	198/360
[2026-01-05T10:30:59.714912] [INFO] Voltage @ -0.58V & -5.913308e-08A |	199/360
[2026-01-05T10:31:00.527992] [INFO] Voltage @ -0.53V & -5.371603e-08A |	200/360
[2026-01-05T10:31:01.346022] [INFO] Voltage @ -0.48V & -4.810514e-08A |	201/360
[2026-01-05T10:31:02.156634] [INFO] Voltage @ -0.43V & -4.187081e-08A |	202/360
[2026-01-05T10:31:02.980598] [INFO] Voltage @ -0.38V & -3.508335e-08A |	203/360
[2026-01-05T10:31:03.797713] [INFO] Voltage @ -0.33V & -2.776209e-08A |	204/360
[2026-01-05T10:31:04.595736] [INFO] Voltage @ -0.28V & -1.973732e-08A |	205/360
[2026-01-05T10:31:05.412909] [INFO] Voltage @ -0.23V & -1.106271e-08A |	206/360
[2026-01-05T10:31:06.220703] [INFO] Voltage @ -0.18V & -1.648232e-09A |	207/360
[2026-01-05T10:31:07.019379] [INFO] Voltage @ -0.13V & 8.505483e-09A |	208/360
[2026-01-05T10:31:07.839238] [INFO] Voltage @ -0.076V & 1.896292e-08A |	209/360
[2026-01-05T10:31:08.644059] [INFO] Voltage @ -0.025V & 2.953954e-08A |	210/360
[2026-01-05T10:31:09.461267] [INFO] Voltage @ 0.025V & 3.924637e-08A |	211/360
[2026-01-05T10:31:10.274380] [INFO] Voltage @ 0.076V & 4.815873e-08A |	212/360
[2026-01-05T10:31:11.084331] [INFO] Voltage @ 0.13V & 5.637225e-08A |	213/360
[2026-01-05T10:31:11.896293] [INFO] Voltage @ 0.18V & 6.347974e-08A |	214/360
[2026-01-05T10:31:12.711170] [INFO] Voltage @ 0.23V & 7.03582e-08A |	215/360
[2026-01-05T10:31:13.531171] [INFO] Voltage @ 0.28V & 7.664052e-08A |	216/360
[2026-01-05T10:31:14.325668] [INFO] Voltage @ 0.33V & 8.229017e-08A |	217/360
[2026-01-05T10:31:15.143083] [INFO] Voltage @ 0.38V & 8.765769e-08A |	218/360
[2026-01-05T10:31:15.929559] [INFO] Voltage @ 0.43V & 9.276465e-08A |	219/360
[2026-01-05T10:31:16.736584] [INFO] Voltage @ 0.48V & 9.750644e-08A |	220/360
[2026-01-05T10:31:17.539322] [INFO] Voltage @ 0.53V & 1.022865e-07A |	221/360
[2026-01-05T10:31:18.333459] [INFO] Voltage @ 0.58V & 1.066854e-07A |	222/360
[2026-01-05T10:31:19.126076] [INFO] Voltage @ 0.64V & 1.11178e-07A |	223/360
[2026-01-05T10:31:19.940199] [INFO] Voltage @ 0.69V & 1.149145e-07A |	224/360
[2026-01-05T10:31:20.758504] [INFO] Voltage @ 0.74V & 1.188777e-07A |	225/360
[2026-01-05T10:31:21.569883] [INFO] Voltage @ 0.79V & 1.223099e-07A |	226/360
[2026-01-05T10:31:22.358532] [INFO] Voltage @ 0.84V & 1.265172e-07A |	227/360
[2026-01-05T10:31:23.170289] [INFO] Voltage @ 0.89V & 1.305766e-07A |	228/360
[2026-01-05T10:31:23.974826] [INFO] Voltage @ 0.94V & 1.337746e-07A |	229/360
[2026-01-05T10:31:24.776946] [INFO] Voltage @ 0.99V & 1.372433e-07A |	230/360
[2026-01-05T10:31:25.572114] [INFO] Voltage @ 1V & 1.40944e-07A |	231/360
[2026-01-05T10:31:26.377156] [INFO] Voltage @ 1.1V & 1.443917e-07A |	232/360
[2026-01-05T10:31:27.187389] [INFO] Voltage @ 1.1V & 1.486211e-07A |	233/360
[2026-01-05T10:31:28.015545] [INFO] Voltage @ 1.2V & 1.520015e-07A |	234/360
[2026-01-05T10:31:28.821875] [INFO] Voltage @ 1.2V & 1.558573e-07A |	235/360
[2026-01-05T10:31:29.636792] [INFO] Voltage @ 1.3V & 1.606023e-07A |	236/360
[2026-01-05T10:31:30.442145] [INFO] Voltage @ 1.3V & 1.645532e-07A |	237/360
[2026-01-05T10:31:31.260115] [INFO] Voltage @ 1.4V & 1.683472e-07A |	238/360
[2026-01-05T10:31:32.056583] [INFO] Voltage @ 1.4V & 1.720674e-07A |	239/360
[2026-01-05T10:31:32.843817] [INFO] Voltage @ 1.5V & 1.750489e-07A |	240/360
[2026-01-05T10:31:33.646269] [INFO] Voltage @ 1.5V & 1.756293e-07A |	241/360
[2026-01-05T10:31:34.417992] [INFO] Voltage @ 1.4V & 1.719346e-07A |	242/360
[2026-01-05T10:31:35.213096] [INFO] Voltage @ 1.4V & 1.678799e-07A |	243/360
[2026-01-05T10:31:36.007898] [INFO] Voltage @ 1.3V & 1.633333e-07A |	244/360
[2026-01-05T10:31:36.822477] [INFO] Voltage @ 1.3V & 1.596633e-07A |	245/360
[2026-01-05T10:31:37.642390] [INFO] Voltage @ 1.2V & 1.559491e-07A |	246/360
[2026-01-05T10:31:38.443304] [INFO] Voltage @ 1.2V & 1.516441e-07A |	247/360
[2026-01-05T10:31:39.247131] [INFO] Voltage @ 1.1V & 1.486516e-07A |	248/360
[2026-01-05T10:31:40.042615] [INFO] Voltage @ 1.1V & 1.447619e-07A |	249/360
[2026-01-05T10:31:40.853998] [INFO] Voltage @ 1V & 1.406934e-07A |	250/360
[2026-01-05T10:31:41.676052] [INFO] Voltage @ 0.99V & 1.370442e-07A |	251/360
[2026-01-05T10:31:42.507617] [INFO] Voltage @ 0.94V & 1.333609e-07A |	252/360
[2026-01-05T10:31:43.309594] [INFO] Voltage @ 0.89V & 1.295886e-07A |	253/360
[2026-01-05T10:31:44.126903] [INFO] Voltage @ 0.84V & 1.261107e-07A |	254/360
[2026-01-05T10:31:44.920409] [INFO] Voltage @ 0.79V & 1.216389e-07A |	255/360
[2026-01-05T10:31:45.722563] [INFO] Voltage @ 0.74V & 1.180269e-07A |	256/360
[2026-01-05T10:31:46.544504] [INFO] Voltage @ 0.69V & 1.139119e-07A |	257/360
[2026-01-05T10:31:47.361071] [INFO] Voltage @ 0.64V & 1.093817e-07A |	258/360
[2026-01-05T10:31:48.155055] [INFO] Voltage @ 0.58V & 1.054043e-07A |	259/360
[2026-01-05T10:31:48.935457] [INFO] Voltage @ 0.53V & 1.007909e-07A |	260/360
[2026-01-05T10:31:49.716436] [INFO] Voltage @ 0.48V & 9.617953e-08A |	261/360
[2026-01-05T10:31:50.519407] [INFO] Voltage @ 0.43V & 9.11345e-08A |	262/360
[2026-01-05T10:31:51.324790] [INFO] Voltage @ 0.38V & 8.599545e-08A |	263/360
[2026-01-05T10:31:52.125651] [INFO] Voltage @ 0.33V & 8.086593e-08A |	264/360
[2026-01-05T10:31:52.937302] [INFO] Voltage @ 0.28V & 7.529685e-08A |	265/360
[2026-01-05T10:31:53.748733] [INFO] Voltage @ 0.23V & 6.91009e-08A |	266/360
[2026-01-05T10:31:54.555470] [INFO] Voltage @ 0.18V & 6.231706e-08A |	267/360
[2026-01-05T10:31:55.371675] [INFO] Voltage @ 0.13V & 5.523944e-08A |	268/360
[2026-01-05T10:31:56.166786] [INFO] Voltage @ 0.076V & 4.749233e-08A |	269/360
[2026-01-05T10:31:56.969099] [INFO] Voltage @ 0.025V & 3.899535e-08A |	270/360
[2026-01-05T10:31:57.768187] [INFO] Voltage @ -0.025V & 2.977174e-08A |	271/360
[2026-01-05T10:31:58.575897] [INFO] Voltage @ -0.076V & 1.974282e-08A |	272/360
[2026-01-05T10:31:59.380180] [INFO] Voltage @ -0.13V & 9.455012e-09A |	273/360
[2026-01-05T10:32:00.185649] [INFO] Voltage @ -0.18V & -7.989437e-10A |	274/360
[2026-01-05T10:32:00.980000] [INFO] Voltage @ -0.23V & -1.04941e-08A |	275/360
[2026-01-05T10:32:01.808694] [INFO] Voltage @ -0.28V & -1.943941e-08A |	276/360
[2026-01-05T10:32:02.613241] [INFO] Voltage @ -0.33V & -2.767097e-08A |	277/360
[2026-01-05T10:32:03.416574] [INFO] Voltage @ -0.38V & -3.51571e-08A |	278/360
[2026-01-05T10:32:04.201325] [INFO] Voltage @ -0.43V & -4.193437e-08A |	279/360
[2026-01-05T10:32:05.021383] [INFO] Voltage @ -0.48V & -4.821391e-08A |	280/360
[2026-01-05T10:32:05.842077] [INFO] Voltage @ -0.53V & -5.392263e-08A |	281/360
[2026-01-05T10:32:06.636290] [INFO] Voltage @ -0.58V & -5.935614e-08A |	282/360
[2026-01-05T10:32:07.440697] [INFO] Voltage @ -0.64V & -6.466125e-08A |	283/360
[2026-01-05T10:32:08.233215] [INFO] Voltage @ -0.69V & -6.956308e-08A |	284/360
[2026-01-05T10:32:09.028160] [INFO] Voltage @ -0.74V & -7.437072e-08A |	285/360
[2026-01-05T10:32:09.828284] [INFO] Voltage @ -0.79V & -7.925134e-08A |	286/360
[2026-01-05T10:32:10.639397] [INFO] Voltage @ -0.84V & -8.394387e-08A |	287/360
[2026-01-05T10:32:11.426909] [INFO] Voltage @ -0.89V & -8.894855e-08A |	288/360
[2026-01-05T10:32:12.225477] [INFO] Voltage @ -0.94V & -9.423674e-08A |	289/360
[2026-01-05T10:32:13.025220] [INFO] Voltage @ -0.99V & -1.003356e-07A |	290/360
[2026-01-05T10:32:13.842487] [INFO] Voltage @ -1V & -1.065145e-07A |	291/360
[2026-01-05T10:32:14.649459] [INFO] Voltage @ -1.1V & -1.126032e-07A |	292/360
[2026-01-05T10:32:15.474340] [INFO] Voltage @ -1.1V & -1.207303e-07A |	293/360
[2026-01-05T10:32:16.280078] [INFO] Voltage @ -1.2V & -1.289016e-07A |	294/360
[2026-01-05T10:32:17.088572] [INFO] Voltage @ -1.2V & -1.385339e-07A |	295/360
[2026-01-05T10:32:17.902817] [INFO] Voltage @ -1.3V & -1.488604e-07A |	296/360
[2026-01-05T10:32:18.718184] [INFO] Voltage @ -1.3V & -1.594289e-07A |	297/360
[2026-01-05T10:32:19.515057] [INFO] Voltage @ -1.4V & -1.720506e-07A |	298/360
[2026-01-05T10:32:20.313056] [INFO] Voltage @ -1.4V & -1.844108e-07A |	299/360
[2026-01-05T10:32:21.126634] [INFO] Voltage @ -1.5V & -1.952055e-07A |	300/360
[2026-01-05T10:32:21.932533] [INFO] Voltage @ -1.5V & -1.996886e-07A |	301/360
[2026-01-05T10:32:22.140734] [INFO] Voltage @ -1.5V & -1.965853e-07A |	302/360
[2026-01-05T10:32:22.364079] [INFO] Voltage @ -1.5V & -1.968282e-07A |	303/360
[2026-01-05T10:32:22.574810] [INFO] Voltage @ -1.5V & -1.985841e-07A |	304/360
[2026-01-05T10:32:22.786061] [INFO] Voltage @ -1.5V & -1.960042e-07A |	305/360
[2026-01-05T10:32:23.008278] [INFO] Voltage @ -1.5V & -2.017966e-07A |	306/360
[2026-01-05T10:32:23.218566] [INFO] Voltage @ -1.5V & -2.006743e-07A |	307/360
[2026-01-05T10:32:23.433698] [INFO] Voltage @ -1.5V & -2.010387e-07A |	308/360
[2026-01-05T10:32:23.651925] [INFO] Voltage @ -1.5V & -2.003567e-07A |	309/360
[2026-01-05T10:32:23.867686] [INFO] Voltage @ -1.5V & -1.975376e-07A |	310/360
[2026-01-05T10:32:24.081623] [INFO] Voltage @ -1.5V & -1.989604e-07A |	311/360
[2026-01-05T10:32:24.296173] [INFO] Voltage @ -1.5V & -2.010652e-07A |	312/360
[2026-01-05T10:32:24.512135] [INFO] Voltage @ -1.5V & -1.990927e-07A |	313/360
[2026-01-05T10:32:24.726243] [INFO] Voltage @ -1.5V & -2.001361e-07A |	314/360
[2026-01-05T10:32:24.943173] [INFO] Voltage @ -1.5V & -2.005399e-07A |	315/360
[2026-01-05T10:32:25.158100] [INFO] Voltage @ -1.5V & -1.992755e-07A |	316/360
[2026-01-05T10:32:25.372645] [INFO] Voltage @ -1.5V & -2.026994e-07A |	317/360
[2026-01-05T10:32:25.586678] [INFO] Voltage @ -1.5V & -2.018938e-07A |	318/360
[2026-01-05T10:32:25.800737] [INFO] Voltage @ -1.5V & -1.969896e-07A |	319/360
[2026-01-05T10:32:26.011668] [INFO] Voltage @ -1.5V & -1.970829e-07A |	320/360
[2026-01-05T10:32:26.227361] [INFO] Voltage @ -1.5V & -2.006438e-07A |	321/360
[2026-01-05T10:32:26.446994] [INFO] Voltage @ -1.5V & -2.016219e-07A |	322/360
[2026-01-05T10:32:26.660283] [INFO] Voltage @ -1.5V & -2.009147e-07A |	323/360
[2026-01-05T10:32:26.871081] [INFO] Voltage @ -1.5V & -2.030808e-07A |	324/360
[2026-01-05T10:32:27.087841] [INFO] Voltage @ -1.5V & -2.007473e-07A |	325/360
[2026-01-05T10:32:27.306633] [INFO] Voltage @ -1.5V & -2.016765e-07A |	326/360
[2026-01-05T10:32:27.519603] [INFO] Voltage @ -1.5V & -2.015146e-07A |	327/360
[2026-01-05T10:32:27.732522] [INFO] Voltage @ -1.5V & -2.006435e-07A |	328/360
[2026-01-05T10:32:27.948115] [INFO] Voltage @ -1.5V & -1.992696e-07A |	329/360
[2026-01-05T10:32:28.162515] [INFO] Voltage @ -1.5V & -2.002773e-07A |	330/360
[2026-01-05T10:32:28.379443] [INFO] Voltage @ -1.5V & -2.00356e-07A |	331/360
[2026-01-05T10:32:28.592757] [INFO] Voltage @ -1.5V & -2.000398e-07A |	332/360
[2026-01-05T10:32:28.804980] [INFO] Voltage @ -1.5V & -1.998065e-07A |	333/360
[2026-01-05T10:32:29.024447] [INFO] Voltage @ -1.5V & -2.029862e-07A |	334/360
[2026-01-05T10:32:29.236622] [INFO] Voltage @ -1.5V & -2.024376e-07A |	335/360
[2026-01-05T10:32:29.452311] [INFO] Voltage @ -1.5V & -2.015516e-07A |	336/360
[2026-01-05T10:32:29.664162] [INFO] Voltage @ -1.5V & -2.025717e-07A |	337/360
[2026-01-05T10:32:29.882982] [INFO] Voltage @ -1.5V & -2.025729e-07A |	338/360
[2026-01-05T10:32:30.089545] [INFO] Voltage @ -1.5V & -2.013847e-07A |	339/360
[2026-01-05T10:32:30.311879] [INFO] Voltage @ -1.5V & -2.036076e-07A |	340/360
[2026-01-05T10:32:30.522478] [INFO] Voltage @ -1.5V & -1.988804e-07A |	341/360
[2026-01-05T10:32:30.743684] [INFO] Voltage @ -1.4V & -1.778483e-07A |	342/360
[2026-01-05T10:32:30.959389] [INFO] Voltage @ -1.3V & -1.581292e-07A |	343/360
[2026-01-05T10:32:31.172723] [INFO] Voltage @ -1.3V & -1.403672e-07A |	344/360
[2026-01-05T10:32:31.389325] [INFO] Voltage @ -1.2V & -1.276299e-07A |	345/360
[2026-01-05T10:32:31.605971] [INFO] Voltage @ -1.1V & -1.155365e-07A |	346/360
[2026-01-05T10:32:31.822260] [INFO] Voltage @ -1V & -1.051305e-07A |	347/360
[2026-01-05T10:32:32.039043] [INFO] Voltage @ -0.95V & -9.617288e-08A |	348/360
[2026-01-05T10:32:32.255808] [INFO] Voltage @ -0.87V & -8.796383e-08A |	349/360
[2026-01-05T10:32:32.471944] [INFO] Voltage @ -0.79V & -8.029247e-08A |	350/360
[2026-01-05T10:32:32.686296] [INFO] Voltage @ -0.71V & -7.266041e-08A |	351/360
[2026-01-05T10:32:32.903824] [INFO] Voltage @ -0.63V & -6.489731e-08A |	352/360
[2026-01-05T10:32:33.120422] [INFO] Voltage @ -0.55V & -5.670915e-08A |	353/360
[2026-01-05T10:32:33.332374] [INFO] Voltage @ -0.47V & -4.76562e-08A |	354/360
[2026-01-05T10:32:33.548528] [INFO] Voltage @ -0.39V & -3.753809e-08A |	355/360
[2026-01-05T10:32:33.761736] [INFO] Voltage @ -0.32V & -2.594151e-08A |	356/360
[2026-01-05T10:32:33.987224] [INFO] Voltage @ -0.24V & -1.275182e-08A |	357/360
[2026-01-05T10:32:34.205478] [INFO] Voltage @ -0.16V & 2.372299e-09A |	358/360
[2026-01-05T10:32:34.422191] [INFO] Voltage @ -0.079V & 1.864971e-08A |	359/360
[2026-01-05T10:32:34.634259] [INFO] Voltage @ 0V & 3.453715e-08A |	360/360
[2026-01-05T10:32:36.170845] [INFO] SMU shutdown.
[2026-01-05T10:32:38.737454] [INFO] (NIDAQ Channel 3) shutdown.
[2026-01-05T10:32:38.743923] [INFO] Program ended normally
